
******************************************************************************
This program contains Ipopt, a library for large-scale nonlinear optimization.
 Ipopt is released as open source code under the Eclipse Public License (EPL).
         For more information visit http://projects.coin-or.org/Ipopt
******************************************************************************

This is Ipopt version 3.12.3, running with linear solver mumps.
NOTE: Other linear solvers might be more efficient (see Ipopt documentation).

Number of nonzeros in equality constraint Jacobian...:   712970
Number of nonzeros in inequality constraint Jacobian.:    65550
Number of nonzeros in Lagrangian Hessian.............:        0

Total number of variables............................:    76612
                     variables with only lower bounds:        0
                variables with lower and upper bounds:    76612
                     variables with only upper bounds:        0
Total number of equality constraints.................:    71412
Total number of inequality constraints...............:    28350
        inequality constraints with only lower bounds:    13800
   inequality constraints with lower and upper bounds:      750
        inequality constraints with only upper bounds:    13800

iter    objective    inf_pr   inf_du lg(mu)  ||d||  lg(rg) alpha_du alpha_pr  ls
   0 9.7595123e+155 4.42e+076 3.34e+151   0.0 0.00e+000    -  0.00e+000 0.00e+000   0
   1 1.8518752e+155 4.42e+076 1.17e+151  -1.2 2.70e+146    -  3.68e-147 3.51e-147f  1
CasADi -  WARNING("solver:nlp_g failed: NaN detected for output g, at (row 1, col 1).") [.../casadi/core/oracle_function.cpp:265]
Warning: Cutting back alpha due to evaluation error
CasADi -  WARNING("solver:nlp_g failed: NaN detected for output g, at (row 1, col 1).") [.../casadi/core/oracle_function.cpp:265]
Warning: Cutting back alpha due to evaluation error
CasADi -  WARNING("solver:nlp_g failed: NaN detected for output g, at (row 1, col 1).") [.../casadi/core/oracle_function.cpp:265]
Warning: Cutting back alpha due to evaluation error
CasADi -  WARNING("solver:nlp_g failed: NaN detected for output g, at (row 1, col 1).") [.../casadi/core/oracle_function.cpp:265]
Warning: Cutting back alpha due to evaluation error
CasADi -  WARNING("solver:nlp_g failed: NaN detected for output g, at (row 1, col 1).") [.../casadi/core/oracle_function.cpp:265]
Warning: Cutting back alpha due to evaluation error
CasADi -  WARNING("solver:nlp_g failed: NaN detected for output g, at (row 1, col 1).") [.../casadi/core/oracle_function.cpp:265]
Warning: Cutting back alpha due to evaluation error
CasADi -  WARNING("solver:nlp_g failed: NaN detected for output g, at (row 1, col 1).") [.../casadi/core/oracle_function.cpp:265]
Warning: Cutting back alpha due to evaluation error
CasADi -  WARNING("solver:nlp_g failed: NaN detected for output g, at (row 1, col 1).") [.../casadi/core/oracle_function.cpp:265]
Warning: Cutting back alpha due to evaluation error
CasADi -  WARNING("solver:nlp_g failed: NaN detected for output g, at (row 1, col 1).") [.../casadi/core/oracle_function.cpp:265]
Warning: Cutting back alpha due to evaluation error
CasADi -  WARNING("solver:nlp_g failed: NaN detected for output g, at (row 1, col 1).") [.../casadi/core/oracle_function.cpp:265]
Warning: Cutting back alpha due to evaluation error
CasADi -  WARNING("solver:nlp_g failed: NaN detected for output g, at (row 1, col 1).") [.../casadi/core/oracle_function.cpp:265]
Warning: Cutting back alpha due to evaluation error
CasADi -  WARNING("solver:nlp_g failed: NaN detected for output g, at (row 1, col 1).") [.../casadi/core/oracle_function.cpp:265]
Warning: Cutting back alpha due to evaluation error
CasADi -  WARNING("solver:nlp_g failed: NaN detected for output g, at (row 1, col 1).") [.../casadi/core/oracle_function.cpp:265]
Warning: Cutting back alpha due to evaluation error
CasADi -  WARNING("solver:nlp_g failed: NaN detected for output g, at (row 1, col 1).") [.../casadi/core/oracle_function.cpp:265]
Warning: Cutting back alpha due to evaluation error
CasADi -  WARNING("solver:nlp_g failed: NaN detected for output g, at (row 1, col 1).") [.../casadi/core/oracle_function.cpp:265]
Warning: Cutting back alpha due to evaluation error
CasADi -  WARNING("solver:nlp_g failed: NaN detected for output g, at (row 1, col 1).") [.../casadi/core/oracle_function.cpp:265]
Warning: Cutting back alpha due to evaluation error
CasADi -  WARNING("solver:nlp_g failed: NaN detected for output g, at (row 1, col 1).") [.../casadi/core/oracle_function.cpp:265]
Warning: Cutting back alpha due to evaluation error
CasADi -  WARNING("solver:nlp_g failed: NaN detected for output g, at (row 1, col 1).") [.../casadi/core/oracle_function.cpp:265]
Warning: Cutting back alpha due to evaluation error
CasADi -  WARNING("solver:nlp_g failed: NaN detected for output g, at (row 1, col 1).") [.../casadi/core/oracle_function.cpp:265]
Warning: Cutting back alpha due to evaluation error
CasADi -  WARNING("solver:nlp_g failed: NaN detected for output g, at (row 1, col 1).") [.../casadi/core/oracle_function.cpp:265]
Warning: Cutting back alpha due to evaluation error
CasADi -  WARNING("solver:nlp_g failed: NaN detected for output g, at (row 1, col 1).") [.../casadi/core/oracle_function.cpp:265]
Warning: Cutting back alpha due to evaluation error
CasADi -  WARNING("solver:nlp_f failed: NaN detected for output f, at (row 1, col 1).") [.../casadi/core/oracle_function.cpp:265]
Warning: Evaluation error during soft restoration phase step.
CasADi -  WARNING("solver:nlp_f failed: NaN detected for output f, at (row 1, col 1).") [.../casadi/core/oracle_function.cpp:265]
Warning: Evaluation error during soft restoration phase step.
CasADi -  WARNING("solver:nlp_f failed: NaN detected for output f, at (row 1, col 1).") [.../casadi/core/oracle_function.cpp:265]
Warning: Evaluation error during soft restoration phase step.
   2r1.8518752e+155 4.42e+076 9.99e+002  68.6 0.00e+000    -  0.00e+000 4.77e-007R 22
Sorry, things failed ?!?!

Number of Iterations....: 2

                                   (scaled)                 (unscaled)
Objective...............:  1.8518752221226114e+147   1.8518752221226115e+155
Dual infeasibility......:  1.1739041650704085e+151   1.1739041650704085e+159
Constraint violation....:  4.4203281443778080e+068   4.4203281443778077e+076
Complementarity.........:  5.9996466348561874e+001   5.9996466348561869e+009
Overall NLP error.......:  1.1739041650704085e+151   1.1739041650704085e+159


Number of objective function evaluations             = 6
Number of objective gradient evaluations             = 3
Number of equality constraint evaluations            = 24
Number of inequality constraint evaluations          = 3
Number of equality constraint Jacobian evaluations   = 3
Number of inequality constraint Jacobian evaluations = 3
Number of Lagrangian Hessian evaluations             = 0
Total CPU secs in IPOPT (w/o function evaluations)   =     23.021
Total CPU secs in NLP function evaluations           =      2.744

EXIT: Restoration Failed!
      solver  :   t_proc      (avg)   t_wall      (avg)    n_eval
       nlp_f  |  65.00ms ( 10.83ms)  65.25ms ( 10.87ms)         6
       nlp_g  | 287.00ms ( 11.96ms) 286.78ms ( 11.95ms)        24
  nlp_grad_f  | 167.00ms ( 41.75ms) 166.26ms ( 41.57ms)         4
   nlp_jac_g  |   2.99 s (746.50ms)   2.99 s (746.62ms)         4
       total  |  25.82 s ( 25.82 s)  25.82 s ( 25.82 s)         1
opti.debug.g_describe(index)
{Undefined function or variable 'index'.
} 
<a href="matlab: opentoline('D:\school\WTK\thesis\model\3dpredictsim\VariousFunctions\solve_NLPSOL.m',84,1)">84  </a>end
opti.debug.g_describe(:)
{Input arguments to function include colon operator. To input the colon character, use ':' instead.
} 
<a href="matlab: opentoline('D:\school\WTK\thesis\model\3dpredictsim\VariousFunctions\solve_NLPSOL.m',84,1)">84  </a>end
opti.debug.show_infeasibilities()
{Error using <a href="matlab:matlab.internal.language.introspective.errorDocCallback('casadi.OptiAdvanced/show_infeasibilities', 'D:\software\casadi 3.5.5\+casadi\OptiAdvanced.m', 169)" style="font-weight:bold">casadi.OptiAdvanced/show_infeasibilities</a> (<a href="matlab: opentoline('D:\software\casadi 3.5.5\+casadi\OptiAdvanced.m',169,0)">line 169</a>)
Error in Opti::value [OptiNode] at .../casadi/core/optistack.cpp:175:
.../casadi/core/optistack_internal.cpp:872: Assertion "solved()" failed:
This action is forbidden since you have not solved the Opti stack yet (with calling 'solve').
} 
<a href="matlab: opentoline('D:\software\casadi 3.5.5\+casadi\OptiAdvanced.m',169,1)">169 </a>      [varargout{1:nargout}] = casadiMEX(1219, self, varargin{:});
if system_dependent('IsDebugMode')==1, dbquit; end
if system_dependent('IsDebugMode')==1, dbquit; end
if system_dependent('IsDebugMode')==1, dbquit; end
if system_dependent('IsDebugMode')==1, dbquit; end
clear
clc
PrepareOptimization_Lars
{Error using <a href="matlab:matlab.internal.language.introspective.errorDocCallback('FitPolynomials', 'D:\school\WTK\thesis\model\3dpredictsim\VariousFunctions\FitPolynomials.m', 29)" style="font-weight:bold">FitPolynomials</a> (<a href="matlab: opentoline('D:\school\WTK\thesis\model\3dpredictsim\VariousFunctions\FitPolynomials.m',29,0)">line 29</a>)
Java exception occurred:
java.io.IOException: Object: Cannot open file D:\school\WTK\thesis\model\3dpredictsim\OpenSimModel\Motion_Rajagopal_Model.osim. It may not exist or
you do not have permission to read it.
	Thrown at Object.cpp:105 in Object().
	at org.opensim.modeling.opensimSimulationJNI.new_Model__SWIG_1(Native Method)
	at org.opensim.modeling.Model.<init>(Model.java:783)

Error in <a href="matlab:matlab.internal.language.introspective.errorDocCallback('PrepareOptimization_Lars', 'D:\school\WTK\thesis\model\3dpredictsim\ConvertOsimModel\PrepareOptimization_Lars.m', 45)" style="font-weight:bold">PrepareOptimization_Lars</a> (<a href="matlab: opentoline('D:\school\WTK\thesis\model\3dpredictsim\ConvertOsimModel\PrepareOptimization_Lars.m',45,0)">line 45</a>)
FitPolynomials(MainPath,S.ModelName,S.ModelPath,S.PolyFolder,Bool_RunMA)
} 
if system_dependent('IsDebugMode')==1, dbquit; end
PrepareOptimization_Lars
Updating Model file from 30000 to latest format...
Loaded model Rajagopal from file D:\school\WTK\thesis\model\3dpredictsim\OpenSimModel\Rajagopal2015.osim

ERROR: D:\school\WTK\thesis\model\3dpredictsim\Polynomials\testRajagopal_2\dummy_motion.mot could not be opened for writing...

Muscle analysis running....
Updating Model file from 30000 to latest format...
Loaded model Rajagopal from file D:\school\WTK\thesis\model\3dpredictsim\OpenSimModel\Rajagopal2015.osim
{Error using <a href="matlab:matlab.internal.language.introspective.errorDocCallback('OpenSim_Muscle_Analysis', 'D:\school\WTK\thesis\model\3dpredictsim\VariousFunctions\OpenSim_Muscle_Analysis.m', 44)" style="font-weight:bold">OpenSim_Muscle_Analysis</a> (<a href="matlab: opentoline('D:\school\WTK\thesis\model\3dpredictsim\VariousFunctions\OpenSim_Muscle_Analysis.m',44,0)">line 44</a>)
Java exception occurred:
java.lang.RuntimeException: SimTK Exception thrown at Xml.cpp:115:
  Error detected by Simbody method Xml::writeToFile(): Failed to write to the Xml file
  'D:\school\WTK\thesis\model\3dpredictsim\Polynomials\testRajagopal_2\MuscleAnalysis\muscle_analysis_dummy_motion.xml' with error ' (line=1, col=1)'.
  (Required condition 'saveOK' was not met.)

	at org.opensim.modeling.opensimCommonJNI.OpenSimObject_print(Native Method)
	at org.opensim.modeling.OpenSimObject.print(OpenSimObject.java:231)

Error in <a href="matlab:matlab.internal.language.introspective.errorDocCallback('FitPolynomials', 'D:\school\WTK\thesis\model\3dpredictsim\VariousFunctions\FitPolynomials.m', 128)" style="font-weight:bold">FitPolynomials</a> (<a href="matlab: opentoline('D:\school\WTK\thesis\model\3dpredictsim\VariousFunctions\FitPolynomials.m',128,0)">line 128</a>)
    OpenSim_Muscle_Analysis(pathDummyMotion,Modelpath,MA_path,[time(1) time(end)],CoordNames);

Error in <a href="matlab:matlab.internal.language.introspective.errorDocCallback('PrepareOptimization_Lars', 'D:\school\WTK\thesis\model\3dpredictsim\ConvertOsimModel\PrepareOptimization_Lars.m', 45)" style="font-weight:bold">PrepareOptimization_Lars</a> (<a href="matlab: opentoline('D:\school\WTK\thesis\model\3dpredictsim\ConvertOsimModel\PrepareOptimization_Lars.m',45,0)">line 45</a>)
FitPolynomials(MainPath,S.ModelName,S.ModelPath,S.PolyFolder,Bool_RunMA)
} 
if system_dependent('IsDebugMode')==1, dbquit; end
OpenSim_Muscle_Analysis
{Not enough input arguments.

Error in <a href="matlab:matlab.internal.language.introspective.errorDocCallback('OpenSim_Muscle_Analysis', 'D:\school\WTK\thesis\model\3dpredictsim\VariousFunctions\OpenSim_Muscle_Analysis.m', 21)" style="font-weight:bold">OpenSim_Muscle_Analysis</a> (<a href="matlab: opentoline('D:\school\WTK\thesis\model\3dpredictsim\VariousFunctions\OpenSim_Muscle_Analysis.m',21,0)">line 21</a>)
osimModel=Model(model_sel);
} 
PrepareOptimization_Lars
Updating Model file from 30000 to latest format...
Loaded model Rajagopal from file D:\school\WTK\thesis\model\3dpredictsim\OpenSimModel\Rajagopal2015.osim
Muscle analysis running....
Updating Model file from 30000 to latest format...
Loaded model Rajagopal from file D:\school\WTK\thesis\model\3dpredictsim\OpenSimModel\Rajagopal2015.osim
AbstractTool dummy_motion loading model 'D:\school\WTK\thesis\model\3dpredictsim\OpenSimModel\Rajagopal2015.osim'
Updating Model file from 30000 to latest format...
Loaded model Rajagopal from file D:\school\WTK\thesis\model\3dpredictsim\OpenSimModel\Rajagopal2015.osim
No external loads will be applied (external loads file not specified).

Loading coordinates from file D:\school\WTK\thesis\model\3dpredictsim\Polynomials\testRajagopal_2\dummy_motion.mot.
Old version storage/motion file encountered
Storage: read data file =D:\school\WTK\thesis\model\3dpredictsim\Polynomials\testRajagopal_2\dummy_motion.mot (nr=5000 nc=40)
.. assuming rotations in Degrees.
Found 5000 state vectors with time stamps ranging from 0.01 to 50.
Executing the analyses from 0.01 to 50...
Printing results of investigation dummy_motion to D:\school\WTK\thesis\model\3dpredictsim\Polynomials\testRajagopal_2\MuscleAnalysis.
{Error using <a href="matlab:matlab.internal.language.introspective.errorDocCallback('importdata', 'C:\Program Files\MATLAB\R2017b\toolbox\matlab\iofun\importdata.p', 137)" style="font-weight:bold">importdata</a> (<a href="matlab: opentoline('C:\Program Files\MATLAB\R2017b\toolbox\matlab\iofun\importdata.p',137,0)">line 137</a>)
Unable to open file.

Error in <a href="matlab:matlab.internal.language.introspective.errorDocCallback('FitPolynomials', 'D:\school\WTK\thesis\model\3dpredictsim\VariousFunctions\FitPolynomials.m', 134)" style="font-weight:bold">FitPolynomials</a> (<a href="matlab: opentoline('D:\school\WTK\thesis\model\3dpredictsim\VariousFunctions\FitPolynomials.m',134,0)">line 134</a>)
lMT = importdata([MA_path,'/',SubjPre '_MuscleAnalysis_Length.sto']);

Error in <a href="matlab:matlab.internal.language.introspective.errorDocCallback('PrepareOptimization_Lars', 'D:\school\WTK\thesis\model\3dpredictsim\ConvertOsimModel\PrepareOptimization_Lars.m', 45)" style="font-weight:bold">PrepareOptimization_Lars</a> (<a href="matlab: opentoline('D:\school\WTK\thesis\model\3dpredictsim\ConvertOsimModel\PrepareOptimization_Lars.m',45,0)">line 45</a>)
FitPolynomials(MainPath,S.ModelName,S.ModelPath,S.PolyFolder,Bool_RunMA)
} 
opentoline('D:\school\WTK\thesis\model\3dpredictsim\VariousFunctions\FitPolynomials.m',134,0)
clear
clc
PrepareOptimization_Lars
Loaded model subject1_Scaled from file D:\school\WTK\thesis\model\3dpredictsim\OpenSimModel\subject1_mtj.osim
if system_dependent('IsDebugMode')==1, dbcont; end
if system_dependent('IsDebugMode')==1, dbquit; end
PrepareOptimization_Lars
Loaded model subject1_Scaled from file D:\school\WTK\thesis\model\3dpredictsim\OpenSimModel\subject1\subject1_mtj.osim
if system_dependent('IsDebugMode')==1, dbquit; end
PrepareOptimization_Lars
Loaded model subject1_Scaled from file D:\school\WTK\thesis\model\3dpredictsim\OpenSimModel\subject1\subject1_mtj.osim
if system_dependent('IsDebugMode')==1, dbcont; end
Muscle analysis running....
Loaded model subject1_Scaled from file D:\school\WTK\thesis\model\3dpredictsim\OpenSimModel\subject1\subject1_mtj.osim
AbstractTool dummy_motion_mtj loading model 'D:\school\WTK\thesis\model\3dpredictsim\OpenSimModel\subject1\subject1_mtj.osim'
Loaded model subject1_Scaled from file D:\school\WTK\thesis\model\3dpredictsim\OpenSimModel\subject1\subject1_mtj.osim
No external loads will be applied (external loads file not specified).

Loading coordinates from file D:\school\WTK\thesis\model\3dpredictsim\Polynomials\subject1\dummy_motion_mtj.mot.
Old version storage/motion file encountered
Storage: read data file =D:\school\WTK\thesis\model\3dpredictsim\Polynomials\subject1\dummy_motion_mtj.mot (nr=5000 nc=42)
.. assuming rotations in Degrees.
Coordinate.setValue: WARN- coordinate pro_sup_r is locked. Unable to change its value.
Coordinate.setValue: WARN- coordinate wrist_dev_r is locked. Unable to change its value.
Coordinate.setValue: WARN- coordinate pro_sup_l is locked. Unable to change its value.
Found 5000 state vectors with time stamps ranging from 0.01 to 50.
Executing the analyses from 0.01 to 50...
Printing results of investigation dummy_motion_mtj to D:\school\WTK\thesis\model\3dpredictsim\Polynomials\subject1\MuscleAnalysis.
if system_dependent('IsDebugMode')==1, dbquit; end
PrepareOptimization_Lars
Loaded model subject1_Scaled from file D:\school\WTK\thesis\model\3dpredictsim\OpenSimModel\subject1\subject1_mtj.osim
{Subscripted assignment dimension mismatch.

Error in <a href="matlab:matlab.internal.language.introspective.errorDocCallback('FitPolynomials', 'D:\school\WTK\thesis\model\3dpredictsim\VariousFunctions\FitPolynomials.m', 120)" style="font-weight:bold">FitPolynomials</a> (<a href="matlab: opentoline('D:\school\WTK\thesis\model\3dpredictsim\VariousFunctions\FitPolynomials.m',120,0)">line 120</a>)
        data(:,IndexAngles(1:end-3)+9) = Angles(1:end-3); % left leg

Error in <a href="matlab:matlab.internal.language.introspective.errorDocCallback('PrepareOptimization_Lars', 'D:\school\WTK\thesis\model\3dpredictsim\ConvertOsimModel\PrepareOptimization_Lars.m', 43)" style="font-weight:bold">PrepareOptimization_Lars</a> (<a href="matlab: opentoline('D:\school\WTK\thesis\model\3dpredictsim\ConvertOsimModel\PrepareOptimization_Lars.m',43,0)">line 43</a>)
FitPolynomials(MainPath,S.ModelName,S.ModelPath,S.PolyFolder,Bool_RunMA)
} 
opentoline('D:\school\WTK\thesis\model\3dpredictsim\VariousFunctions\FitPolynomials.m',120,0)
PrepareOptimization_Lars
Loaded model subject1_Scaled from file D:\school\WTK\thesis\model\3dpredictsim\OpenSimModel\subject1\subject1_mtj.osim
{Subscripted assignment dimension mismatch.

Error in <a href="matlab:matlab.internal.language.introspective.errorDocCallback('FitPolynomials', 'D:\school\WTK\thesis\model\3dpredictsim\VariousFunctions\FitPolynomials.m', 120)" style="font-weight:bold">FitPolynomials</a> (<a href="matlab: opentoline('D:\school\WTK\thesis\model\3dpredictsim\VariousFunctions\FitPolynomials.m',120,0)">line 120</a>)
        data(:,IndexAngles(1:end-3)+9) = Angles(1:end-3); % left leg

Error in <a href="matlab:matlab.internal.language.introspective.errorDocCallback('PrepareOptimization_Lars', 'D:\school\WTK\thesis\model\3dpredictsim\ConvertOsimModel\PrepareOptimization_Lars.m', 43)" style="font-weight:bold">PrepareOptimization_Lars</a> (<a href="matlab: opentoline('D:\school\WTK\thesis\model\3dpredictsim\ConvertOsimModel\PrepareOptimization_Lars.m',43,0)">line 43</a>)
FitPolynomials(MainPath,S.ModelName,S.ModelPath,S.PolyFolder,Bool_RunMA)
} 
if system_dependent('IsDebugMode')==1, dbcont; end
PrepareOptimization_Lars
Loaded model subject1_Scaled from file D:\school\WTK\thesis\model\3dpredictsim\OpenSimModel\subject1\subject1_mtj.osim
if system_dependent('IsDebugMode')==1, dbquit; end
PrepareOptimization_Lars
Loaded model subject1_Scaled from file D:\school\WTK\thesis\model\3dpredictsim\OpenSimModel\subject1\subject1_mtj.osim
Muscle analysis running....
Loaded model subject1_Scaled from file D:\school\WTK\thesis\model\3dpredictsim\OpenSimModel\subject1\subject1_mtj.osim
AbstractTool dummy_motion_mtj loading model 'D:\school\WTK\thesis\model\3dpredictsim\OpenSimModel\subject1\subject1_mtj.osim'
Loaded model subject1_Scaled from file D:\school\WTK\thesis\model\3dpredictsim\OpenSimModel\subject1\subject1_mtj.osim
No external loads will be applied (external loads file not specified).

Loading coordinates from file D:\school\WTK\thesis\model\3dpredictsim\Polynomials\subject1\dummy_motion_mtj.mot.
Old version storage/motion file encountered
Storage: read data file =D:\school\WTK\thesis\model\3dpredictsim\Polynomials\subject1\dummy_motion_mtj.mot (nr=5000 nc=42)
.. assuming rotations in Degrees.
Coordinate.setValue: WARN- coordinate pro_sup_r is locked. Unable to change its value.
Coordinate.setValue: WARN- coordinate pro_sup_l is locked. Unable to change its value.
Found 5000 state vectors with time stamps ranging from 0.01 to 50.
Executing the analyses from 0.01 to 50...
Printing results of investigation dummy_motion_mtj to D:\school\WTK\thesis\model\3dpredictsim\Polynomials\subject1\MuscleAnalysis.
max ndofs for a muscle :4
Test_Lars
Creating casadifunctions...
...casadifunctions created
                 v_tgt: 1.2500
                     N: 50
              NThreads: 6
              max_iter: 10
         ResultsFolder: 'MidTarsalJoint'
         MuscModelAsmp: 0
          contactStiff: 10
               subject: 'subject1'
                   tmt: 0
                  kTMT: 1000
                  dTMT: 0.5000
            TMT_linear: 1
                 k1TMT: 800
                 k2TMT: 1
                 t1TMT: 0.5000
              Windlass: 1
                   cWL: 0.0300
                   mtj: 1
          PF_stiffness: 'Gefen2002'
                 sf_PF: 1
            WL_act_Sol: 0
       PF_slack_length: 0.1500
                R_mtth: 0.0095
                WLpoly: 1
                   PIM: 0
           FootMuscles: 1
                     W: [1×1 struct]
            MT_li_nonl: 1
         mtj_stiffness: 'Gefen2002'
                kMT_li: 300
               kMT_li2: 10
          stiffen_arch: 0
              WL_T_mtp: 1
                Mu_mtp: 0
                  kMTP: 1
               ExoBool: 0
              ExoScale: 0
               DataSet: 'PoggenSee2020_AFO'
     ExoImplementation: 'TorqueTibiaCalcn'
                 IGsel: 2
              IGmodeID: 3
           ResultsF_ig: 'Final'
           savename_ig: 'Fal_s1_bCst_ig21'
            IG_PelvisY: 0.9516
            PolyFolder: 'subject1'
          ExternalFunc: 'PredSim_3D_Fal_s1_mtj_spx10_v2.dll'
         ExternalFunc2: 'PredSim_3D_Fal_s1_mtj_spx10_pp_v4.dll'
    CasadiFunc_Folders: 'casadi_s1Fal_MuscModel_bCst_PF_Gefen2002_ls150_MT_nl_Gefen2002_MTP_Mf1'
              savename: 'Fal_s1_bCst_PF_Gefen2002_ls150_MT_nl_Gefen2002_MTP_Mf1_spx10_ig23_v3'
         linear_solver: 'mumps'
             tol_ipopt: 4
          parallelMode: 'thread'
                  mass: 64
                IGcase: 0
                h_weak: 0
                 Max_s: 0
               pf_weak: 0
                    mE: 0
                coCont: 0
                Constr: [1×1 struct]
                Bounds: [1×1 struct]
            PercStance: [1×1 struct]
             Symmetric: 1
              Periodic: 0
             ModelName: 'Gait92'
         IKfile_Bounds: 'OpenSimModel\IK_Bounds_Default_tmt.mat'
          IKfile_guess: 'OpenSimModel\IK_Guess_Default_tmt.mat'
         ExoController: 's1 Pog'
       T_max_ankle_exo: 0
       T_min_ankle_exo: 0
       P_max_ankle_exo: 0

